<?xml version="1.0" encoding="UTF-8"?>
<!-- Generated by org.testng.reporters.JUnitReportReporter -->
<testsuite hostname="LAPTOP-7E4BE5LC" failures="0" tests="1" name="jenkins.JenkinsReebok" time="12.193" errors="0" timestamp="2022-04-03T19:44:46 IST" skipped="0">
  <testcase classname="jenkins.JenkinsReebok" name="f" time="12.193"/>
  <system-out/>
</testsuite> <!-- jenkins.JenkinsReebok -->
