<?xml version="1.0" encoding="UTF-8"?>
<!-- Generated by org.testng.reporters.JUnitReportReporter -->
<testsuite hostname="LAPTOP-7E4BE5LC" failures="0" tests="1" name="TestNG.Login" time="7.445" errors="0" timestamp="2022-04-03T15:54:59 IST" skipped="0">
  <testcase classname="TestNG.Login" name="loginTest" time="7.445"/>
  <system-out/>
</testsuite> <!-- TestNG.Login -->
