<?xml version="1.0" encoding="UTF-8"?>
<!-- Generated by org.testng.reporters.JUnitReportReporter -->
<testsuite hostname="LAPTOP-7E4BE5LC" failures="0" tests="1" name="TestNG.searchArticle" time="5.885" errors="0" timestamp="2022-04-03T16:03:46 IST" skipped="0">
  <testcase classname="TestNG.searchArticle" name="searchTest" time="5.885"/>
  <system-out/>
</testsuite> <!-- TestNG.searchArticle -->
