<?xml version="1.0" encoding="UTF-8"?>
<!-- Generated by org.testng.reporters.JUnitReportReporter -->
<testsuite hostname="LAPTOP-7E4BE5LC" failures="0" tests="1" name="TestNG.Registration" time="14.803" errors="0" timestamp="2022-04-03T15:58:12 IST" skipped="0">
  <testcase classname="TestNG.Registration" name="registrationTest" time="14.803"/>
  <system-out/>
</testsuite> <!-- TestNG.Registration -->
