<?xml version="1.0" encoding="UTF-8"?>
<!-- Generated by org.testng.reporters.JUnitReportReporter -->
<testsuite hostname="LAPTOP-7E4BE5LC" failures="0" tests="1" name="logs.Logger" time="14.626" errors="0" timestamp="2022-04-05T22:13:12 IST" skipped="0">
  <testcase classname="logs.Logger" name="logSample" time="14.626"/>
  <system-out>
    <![CDATA[Browser is now opened
Browser is now maximized
Reebok is now opened
Browser is now closed]]>
  </system-out>
</testsuite> <!-- logs.Logger -->
