<?xml version="1.0" encoding="UTF-8"?>
<!-- Generated by org.testng.reporters.JUnitReportReporter -->
<testsuite hostname="LAPTOP-7E4BE5LC" failures="0" tests="1" name="TestNG.articleDetail" time="12.860" errors="0" timestamp="2022-04-03T16:08:56 IST" skipped="0">
  <testcase classname="TestNG.articleDetail" name="articleTest" time="12.860"/>
  <system-out/>
</testsuite> <!-- TestNG.articleDetail -->
