<?xml version="1.0" encoding="UTF-8"?>
<!-- Generated by org.testng.reporters.JUnitReportReporter -->
<testsuite hostname="LAPTOP-7E4BE5LC" failures="0" tests="3" name="testNG.LoginDP" time="58.731" errors="0" timestamp="2022-04-03T16:18:25 IST" skipped="0">
  <testcase classname="testNG.LoginDP" name="loginDP" time="23.545"/>
  <system-out/>
  <testcase classname="testNG.LoginDP" name="loginDP" time="24.463"/>
  <system-out/>
  <testcase classname="testNG.LoginDP" name="loginDP" time="10.723"/>
  <system-out/>
</testsuite> <!-- testNG.LoginDP -->
